Performing C SOURCE FILE Test CMAKE_HAVE_LIBC_PTHREAD failed with the following output:
Change Dir: /home/minuszero/work/zOS-pix/src/vehicleio/build/CMakeFiles/CMakeScratch/TryCompile-KmCbWL

Run Build Command(s):/usr/bin/make -f Makefile cmTC_1d0d4/fast && /usr/bin/make  -f CMakeFiles/cmTC_1d0d4.dir/build.make CMakeFiles/cmTC_1d0d4.dir/build
make[1]: Entering directory '/home/minuszero/work/zOS-pix/src/vehicleio/build/CMakeFiles/CMakeScratch/TryCompile-KmCbWL'
Building C object CMakeFiles/cmTC_1d0d4.dir/src.c.o
/usr/bin/cc -DCMAKE_HAVE_LIBC_PTHREAD   -o CMakeFiles/cmTC_1d0d4.dir/src.c.o -c /home/minuszero/work/zOS-pix/src/vehicleio/build/CMakeFiles/CMakeScratch/TryCompile-KmCbWL/src.c
Linking C executable cmTC_1d0d4
/home/minuszero/.local/lib/python2.7/site-packages/cmake/data/bin/cmake -E cmake_link_script CMakeFiles/cmTC_1d0d4.dir/link.txt --verbose=1
/usr/bin/cc CMakeFiles/cmTC_1d0d4.dir/src.c.o -o cmTC_1d0d4 
/usr/bin/ld: CMakeFiles/cmTC_1d0d4.dir/src.c.o: in function `main':
src.c:(.text+0x46): undefined reference to `pthread_create'
/usr/bin/ld: src.c:(.text+0x52): undefined reference to `pthread_detach'
/usr/bin/ld: src.c:(.text+0x5e): undefined reference to `pthread_cancel'
/usr/bin/ld: src.c:(.text+0x6f): undefined reference to `pthread_join'
collect2: error: ld returned 1 exit status
make[1]: *** [CMakeFiles/cmTC_1d0d4.dir/build.make:99: cmTC_1d0d4] Error 1
make[1]: Leaving directory '/home/minuszero/work/zOS-pix/src/vehicleio/build/CMakeFiles/CMakeScratch/TryCompile-KmCbWL'
make: *** [Makefile:127: cmTC_1d0d4/fast] Error 2


Source file was:
#include <pthread.h>

static void* test_func(void* data)
{
  return data;
}

int main(void)
{
  pthread_t thread;
  pthread_create(&thread, NULL, test_func, NULL);
  pthread_detach(thread);
  pthread_cancel(thread);
  pthread_join(thread, NULL);
  pthread_atfork(NULL, NULL, NULL);
  pthread_exit(NULL);

  return 0;
}


Determining if the function pthread_create exists in the pthreads failed with the following output:
Change Dir: /home/minuszero/work/zOS-pix/src/vehicleio/build/CMakeFiles/CMakeScratch/TryCompile-HpP51N

Run Build Command(s):/usr/bin/make -f Makefile cmTC_ad5fc/fast && /usr/bin/make  -f CMakeFiles/cmTC_ad5fc.dir/build.make CMakeFiles/cmTC_ad5fc.dir/build
make[1]: Entering directory '/home/minuszero/work/zOS-pix/src/vehicleio/build/CMakeFiles/CMakeScratch/TryCompile-HpP51N'
Building C object CMakeFiles/cmTC_ad5fc.dir/CheckFunctionExists.c.o
/usr/bin/cc   -DCHECK_FUNCTION_EXISTS=pthread_create -o CMakeFiles/cmTC_ad5fc.dir/CheckFunctionExists.c.o -c /home/minuszero/work/zOS-pix/src/vehicleio/build/CMakeFiles/CMakeScratch/TryCompile-HpP51N/CheckFunctionExists.c
Linking C executable cmTC_ad5fc
/home/minuszero/.local/lib/python2.7/site-packages/cmake/data/bin/cmake -E cmake_link_script CMakeFiles/cmTC_ad5fc.dir/link.txt --verbose=1
/usr/bin/cc  -DCHECK_FUNCTION_EXISTS=pthread_create CMakeFiles/cmTC_ad5fc.dir/CheckFunctionExists.c.o -o cmTC_ad5fc  -lpthreads 
/usr/bin/ld: cannot find -lpthreads
collect2: error: ld returned 1 exit status
make[1]: *** [CMakeFiles/cmTC_ad5fc.dir/build.make:99: cmTC_ad5fc] Error 1
make[1]: Leaving directory '/home/minuszero/work/zOS-pix/src/vehicleio/build/CMakeFiles/CMakeScratch/TryCompile-HpP51N'
make: *** [Makefile:127: cmTC_ad5fc/fast] Error 2



